Flutter crash report.
Please report a bug at https://github.com/flutter/flutter/issues.

## command

flutter emulators --launch Medium_Phone_API_36.1

## exception

FileSystemException: FileSystemException: Exists failed, path = 'P:\.android\avd' (OS Error: Le chemin réseau n’a pas été trouvé, errno = 53)

```
#0      _Directory.existsSync (dart:io/directory_impl.dart:97:7)
#1      ForwardingFileSystemEntity.existsSync (package:file/src/forwarding/forwarding_file_system_entity.dart:43:33)
#2      ErrorHandlingDirectory.existsSync.<anonymous closure> (package:flutter_tools/src/base/error_handling_io.dart:461:22)
#3      _runSync (package:flutter_tools/src/base/error_handling_io.dart:552:14)
#4      ErrorHandlingDirectory.existsSync (package:flutter_tools/src/base/error_handling_io.dart:460:12)
#5      AndroidSdk.getAvdPath (package:flutter_tools/src/android/android_sdk.dart:205:44)
#6      AndroidEmulators._loadEmulatorInfo (package:flutter_tools/src/android/android_emulator.dart:81:42)
#7      AndroidEmulators._extractEmulatorAvdInfo (package:flutter_tools/src/android/android_emulator.dart:75:21)
#8      AndroidEmulators._getEmulatorAvds (package:flutter_tools/src/android/android_emulator.dart:67:5)
<asynchronous suspension>
#9      EmulatorManager.getAllAvailableEmulators.<anonymous closure> (package:flutter_tools/src/emulator.dart:90:24)
<asynchronous suspension>
#10     Future._kTrue (dart:async/future.dart:681:3)
<asynchronous suspension>
#11     _CustomZone.bindUnaryCallbackGuarded.<anonymous closure> (dart:async/zone.dart:671:12)
<asynchronous suspension>
```

## flutter doctor

```
[32m[✓][39m Flutter (Channel stable, 3.41.4, on Microsoft Windows [version 10.0.26200.8037], locale fr-FR) [228ms]
    [32m•[39m Flutter version 3.41.4 on channel stable at C:\flutter\flutter
    [32m•[39m Upstream repository https://github.com/flutter/flutter.git
    [32m•[39m Framework revision ff37bef603 (2 weeks ago), 2026-03-03 16:03:22 -0800
    [32m•[39m Engine revision e4b8dca3f1
    [32m•[39m Dart version 3.11.1
    [32m•[39m DevTools version 2.54.1
    [32m•[39m Feature flags: enable-web, enable-linux-desktop, enable-macos-desktop, enable-windows-desktop, enable-android, enable-ios,
      cli-animations, enable-native-assets, omit-legacy-version-file, enable-lldb-debugging, enable-uiscene-migration

[32m[✓][39m Windows Version (11 Professionnel 64-bit, 25H2, 2009) [1 135ms]

[32m[✓][39m Android toolchain - develop for Android devices (Android SDK version 36.1.0) [2,9s]
    [32m•[39m Android SDK at C:\Users\mgiovanetti\AppData\Local\Android\sdk
    [32m•[39m Emulator version 36.4.10.0 (build_id 15004761) (CL:N/A)
    [32m•[39m Platform android-36.1, build-tools 36.1.0
    [32m•[39m Java binary at: C:\Program Files\Android\Android Studio\jbr\bin\java
      This is the JDK bundled with the latest Android Studio installation on this machine.
      To manually set the JDK path, use: `flutter config --jdk-dir="path/to/jdk"`.
    [32m•[39m Java version OpenJDK Runtime Environment (build 21.0.9+-14787801-b1163.94)
    [32m•[39m All Android licenses accepted.

[32m[✓][39m Chrome - develop for the web [10ms]
    [32m•[39m Chrome at C:\Program Files\Google\Chrome\Application\chrome.exe

[31m[✗][39m Visual Studio - develop Windows apps [8ms]
    [31m✗[39m Visual Studio not installed; this is necessary to develop Windows apps.
      Download at https://visualstudio.microsoft.com/downloads/.
      Please install the "Desktop development with C++" workload, including all of its default components

[32m[✓][39m Connected device (3 available) [238ms]
    [32m•[39m Windows (desktop) • windows • windows-x64    • Microsoft Windows [version 10.0.26200.8037]
    [32m•[39m Chrome (web)      • chrome  • web-javascript • Google Chrome 145.0.7632.160
    [32m•[39m Edge (web)        • edge    • web-javascript • Microsoft Edge 128.0.2739.42

[32m[✓][39m Network resources [423ms]
    [32m•[39m All expected network resources are available.

[33m![39m Doctor found issues in 1 category.
```
